2024-12-19 09:21:16,425 Data partitioned on studies ['gwilliams2023', 'schoffelen2022'].
2024-12-19 09:21:16,425 Train: 165, Unseen Task: 12, Unseen Subject: 45, Unseen Both: 4.

2024-12-19 09:21:56,160 Epoch 1, Remaining 165/165. Runtime 26.03s.
2024-12-19 09:21:56,160 Loss: 4.3162, Clip Loss: 5.4526, MSE Loss: 2.6116, Commitment Loss: 0.0000
2024-12-19 09:21:56,161 Accuracy: 0.0081, Top 1: 0.0101, Top 5: 0.0663, Top 10: 0.1089, Perplexity: 0.0000
2024-12-19 09:21:58,345 Epoch 1, Remaining 164/165. Runtime 1.20s.
2024-12-19 09:21:58,345 Loss: 21.2041, Clip Loss: 30.9618, MSE Loss: 6.5674, Commitment Loss: 0.0000
2024-12-19 09:21:58,345 Accuracy: 0.0050, Top 1: 0.0070, Top 5: 0.0498, Top 10: 0.0965, Perplexity: 0.0000
2024-12-19 09:21:59,745 Epoch 1, Remaining 163/165. Runtime 1.00s.
2024-12-19 09:21:59,745 Loss: 7.2130, Clip Loss: 8.2331, MSE Loss: 5.6827, Commitment Loss: 0.0000
2024-12-19 09:21:59,745 Accuracy: 0.0049, Top 1: 0.0069, Top 5: 0.0481, Top 10: 0.0923, Perplexity: 0.0000
2024-12-19 09:22:01,167 Epoch 1, Remaining 162/165. Runtime 0.96s.
2024-12-19 09:22:01,167 Loss: 6.3799, Clip Loss: 7.2112, MSE Loss: 5.1330, Commitment Loss: 0.0000
2024-12-19 09:22:01,167 Accuracy: 0.0049, Top 1: 0.0069, Top 5: 0.0472, Top 10: 0.0955, Perplexity: 0.0000
2024-12-19 09:22:02,820 Epoch 1, Remaining 161/165. Runtime 0.98s.
2024-12-19 09:22:02,820 Loss: 5.9220, Clip Loss: 7.6901, MSE Loss: 3.2699, Commitment Loss: 0.0000
2024-12-19 09:22:02,820 Accuracy: 0.0049, Top 1: 0.0049, Top 5: 0.0471, Top 10: 0.1021, Perplexity: 0.0000
2024-12-19 09:22:05,049 Epoch 1, Remaining 160/165. Runtime 1.60s.
2024-12-19 09:22:05,049 Loss: 6.6325, Clip Loss: 9.3418, MSE Loss: 2.5687, Commitment Loss: 0.0000
2024-12-19 09:22:05,049 Accuracy: 0.0041, Top 1: 0.0082, Top 5: 0.0479, Top 10: 0.0997, Perplexity: 0.0000
2024-12-19 09:22:08,263 Epoch 1, Remaining 159/165. Runtime 1.82s.
2024-12-19 09:22:08,263 Loss: 6.4875, Clip Loss: 8.7638, MSE Loss: 3.0729, Commitment Loss: 0.0000
2024-12-19 09:22:08,263 Accuracy: 0.0042, Top 1: 0.0071, Top 5: 0.0472, Top 10: 0.0986, Perplexity: 0.0000
2024-12-19 09:22:11,897 Epoch 1, Remaining 158/165. Runtime 1.97s.
2024-12-19 09:22:11,897 Loss: 5.1184, Clip Loss: 6.2060, MSE Loss: 3.4870, Commitment Loss: 0.0000
2024-12-19 09:22:11,897 Accuracy: 0.0041, Top 1: 0.0082, Top 5: 0.0466, Top 10: 0.0967, Perplexity: 0.0000
2024-12-19 09:22:14,002 Epoch 1, Remaining 157/165. Runtime 1.30s.
2024-12-19 09:22:14,003 Loss: 6.3602, Clip Loss: 8.3052, MSE Loss: 3.4426, Commitment Loss: 0.0000
2024-12-19 09:22:14,003 Accuracy: 0.0041, Top 1: 0.0082, Top 5: 0.0483, Top 10: 0.0960, Perplexity: 0.0000
2024-12-19 09:22:16,266 Epoch 1, Remaining 156/165. Runtime 1.62s.
2024-12-19 09:22:16,266 Loss: 5.3765, Clip Loss: 6.9876, MSE Loss: 2.9599, Commitment Loss: 0.0000
2024-12-19 09:22:16,266 Accuracy: 0.0054, Top 1: 0.0096, Top 5: 0.0504, Top 10: 0.1011, Perplexity: 0.0000
2024-12-19 09:22:17,901 Epoch 1, Remaining 155/165. Runtime 1.27s.
2024-12-19 09:22:17,902 Loss: 4.9864, Clip Loss: 6.4688, MSE Loss: 2.7629, Commitment Loss: 0.0000
2024-12-19 09:22:17,902 Accuracy: 0.0029, Top 1: 0.0070, Top 5: 0.0450, Top 10: 0.0961, Perplexity: 0.0000
2024-12-19 09:22:19,844 Epoch 1, Remaining 154/165. Runtime 1.63s.
2024-12-19 09:22:19,844 Loss: 5.2951, Clip Loss: 7.2911, MSE Loss: 2.3010, Commitment Loss: 0.0000
2024-12-19 09:22:19,844 Accuracy: 0.0058, Top 1: 0.0097, Top 5: 0.0436, Top 10: 0.0961, Perplexity: 0.0000
2024-12-19 09:22:21,433 Epoch 1, Remaining 153/165. Runtime 1.00s.
2024-12-19 09:22:21,434 Loss: 5.9046, Clip Loss: 8.9712, MSE Loss: 1.3046, Commitment Loss: 0.0000
2024-12-19 09:22:21,434 Accuracy: 0.0049, Top 1: 0.0069, Top 5: 0.0502, Top 10: 0.0954, Perplexity: 0.0000
2024-12-19 09:22:23,377 Epoch 1, Remaining 152/165. Runtime 1.66s.
2024-12-19 09:22:23,377 Loss: 6.5492, Clip Loss: 9.9927, MSE Loss: 1.3838, Commitment Loss: 0.0000
2024-12-19 09:22:23,377 Accuracy: 0.0068, Top 1: 0.0099, Top 5: 0.0448, Top 10: 0.0942, Perplexity: 0.0000
2024-12-19 09:22:26,302 Epoch 1, Remaining 151/165. Runtime 1.21s.
2024-12-19 09:22:26,303 Loss: 4.3292, Clip Loss: 5.4747, MSE Loss: 2.6109, Commitment Loss: 0.0000
2024-12-19 09:22:26,303 Accuracy: 0.0050, Top 1: 0.0070, Top 5: 0.0442, Top 10: 0.0943, Perplexity: 0.0000
2024-12-19 09:22:29,368 Epoch 1, Remaining 150/165. Runtime 2.63s.
2024-12-19 09:22:29,368 Loss: 14.7599, Clip Loss: 22.5241, MSE Loss: 3.1137, Commitment Loss: 0.0000
2024-12-19 09:22:29,368 Accuracy: 0.0148, Top 1: 0.0187, Top 5: 0.0529, Top 10: 0.0973, Perplexity: 0.0000
2024-12-19 09:22:31,075 Epoch 1, Remaining 149/165. Runtime 1.06s.
2024-12-19 09:22:31,076 Loss: 11.8237, Clip Loss: 14.2869, MSE Loss: 8.1290, Commitment Loss: 0.0000
2024-12-19 09:22:31,076 Accuracy: 0.0050, Top 1: 0.0050, Top 5: 0.0510, Top 10: 0.0979, Perplexity: 0.0000
2024-12-19 09:22:33,182 Epoch 1, Remaining 148/165. Runtime 1.49s.
2024-12-19 09:22:33,183 Loss: 13.3315, Clip Loss: 16.2537, MSE Loss: 8.9482, Commitment Loss: 0.0000
2024-12-19 09:22:33,183 Accuracy: 0.0041, Top 1: 0.0082, Top 5: 0.0479, Top 10: 0.0969, Perplexity: 0.0000
2024-12-19 09:22:35,346 Epoch 1, Remaining 147/165. Runtime 1.78s.
2024-12-19 09:22:35,347 Loss: 9.1320, Clip Loss: 10.1696, MSE Loss: 7.5756, Commitment Loss: 0.0000
2024-12-19 09:22:35,347 Accuracy: 0.0065, Top 1: 0.0096, Top 5: 0.0501, Top 10: 0.0989, Perplexity: 0.0000
2024-12-19 09:22:38,922 Epoch 1, Remaining 146/165. Runtime 2.20s.
2024-12-19 09:22:38,922 Loss: 18.4641, Clip Loss: 21.8582, MSE Loss: 13.3729, Commitment Loss: 0.0000
2024-12-19 09:22:38,922 Accuracy: 0.0062, Top 1: 0.0093, Top 5: 0.0452, Top 10: 0.0966, Perplexity: 0.0000
2024-12-19 09:22:42,477 Epoch 1, Remaining 145/165. Runtime 2.73s.
2024-12-19 09:22:42,478 Loss: 15.5990, Clip Loss: 17.5753, MSE Loss: 12.6344, Commitment Loss: 0.0000
2024-12-19 09:22:42,478 Accuracy: 0.0035, Top 1: 0.0080, Top 5: 0.0477, Top 10: 0.0974, Perplexity: 0.0000
2024-12-19 09:22:44,830 Epoch 1, Remaining 144/165. Runtime 1.69s.
2024-12-19 09:22:44,830 Loss: 13.1193, Clip Loss: 14.7180, MSE Loss: 10.7213, Commitment Loss: 0.0000
2024-12-19 09:22:44,830 Accuracy: 0.0070, Top 1: 0.0101, Top 5: 0.0468, Top 10: 0.0974, Perplexity: 0.0000
2024-12-19 09:22:46,338 Epoch 1, Remaining 143/165. Runtime 1.04s.
2024-12-19 09:22:46,339 Loss: 16.1308, Clip Loss: 18.0766, MSE Loss: 13.2120, Commitment Loss: 0.0000
2024-12-19 09:22:46,339 Accuracy: 0.0020, Top 1: 0.0039, Top 5: 0.0450, Top 10: 0.0988, Perplexity: 0.0000
2024-12-19 09:22:50,028 Epoch 1, Remaining 142/165. Runtime 3.26s.
2024-12-19 09:22:50,029 Loss: 13.6036, Clip Loss: 14.9013, MSE Loss: 11.6570, Commitment Loss: 0.0000
2024-12-19 09:22:50,029 Accuracy: 0.0074, Top 1: 0.0113, Top 5: 0.0468, Top 10: 0.0952, Perplexity: 0.0000
2024-12-19 09:22:54,163 Epoch 1, Remaining 141/165. Runtime 2.34s.
2024-12-19 09:22:54,163 Loss: 6.4138, Clip Loss: 7.9281, MSE Loss: 4.1425, Commitment Loss: 0.0000
2024-12-19 09:22:54,163 Accuracy: 0.0065, Top 1: 0.0096, Top 5: 0.0459, Top 10: 0.0973, Perplexity: 0.0000
2024-12-19 09:22:58,113 Epoch 1, Remaining 140/165. Runtime 2.34s.
2024-12-19 09:22:58,113 Loss: 9.3117, Clip Loss: 12.8433, MSE Loss: 4.0144, Commitment Loss: 0.0000
2024-12-19 09:22:58,113 Accuracy: 0.0075, Top 1: 0.0106, Top 5: 0.0418, Top 10: 0.0955, Perplexity: 0.0000
2024-12-19 09:23:03,458 Epoch 1, Remaining 139/165. Runtime 3.76s.
2024-12-19 09:23:03,459 Loss: 5.6629, Clip Loss: 7.7460, MSE Loss: 2.5382, Commitment Loss: 0.0000
2024-12-19 09:23:03,459 Accuracy: 0.0048, Top 1: 0.0079, Top 5: 0.0478, Top 10: 0.0981, Perplexity: 0.0000
2024-12-19 09:23:05,654 Epoch 1, Remaining 138/165. Runtime 1.34s.
2024-12-19 09:23:05,655 Loss: 6.8709, Clip Loss: 9.1971, MSE Loss: 3.3816, Commitment Loss: 0.0000
2024-12-19 09:23:05,655 Accuracy: 0.0042, Top 1: 0.0084, Top 5: 0.0470, Top 10: 0.0994, Perplexity: 0.0000
2024-12-19 09:23:08,228 Epoch 1, Remaining 137/165. Runtime 2.23s.
2024-12-19 09:23:08,229 Loss: 4.9746, Clip Loss: 5.7656, MSE Loss: 3.7879, Commitment Loss: 0.0000
2024-12-19 09:23:08,229 Accuracy: 0.0056, Top 1: 0.0095, Top 5: 0.0497, Top 10: 0.0978, Perplexity: 0.0000
2024-12-19 09:23:10,316 Epoch 1, Remaining 136/165. Runtime 1.77s.
2024-12-19 09:23:10,317 Loss: 7.3822, Clip Loss: 9.1144, MSE Loss: 4.7839, Commitment Loss: 0.0000
2024-12-19 09:23:10,317 Accuracy: 0.0073, Top 1: 0.0104, Top 5: 0.0443, Top 10: 0.0951, Perplexity: 0.0000
2024-12-19 09:23:12,377 Epoch 1, Remaining 135/165. Runtime 1.22s.
2024-12-19 09:23:12,378 Loss: 7.3151, Clip Loss: 9.6166, MSE Loss: 3.8629, Commitment Loss: 0.0000
2024-12-19 09:23:12,378 Accuracy: 0.0042, Top 1: 0.0083, Top 5: 0.0441, Top 10: 0.0961, Perplexity: 0.0000
2024-12-19 09:23:13,977 Epoch 1, Remaining 134/165. Runtime 1.33s.
2024-12-19 09:23:13,977 Loss: 5.0646, Clip Loss: 6.5101, MSE Loss: 2.8963, Commitment Loss: 0.0000
2024-12-19 09:23:13,977 Accuracy: 0.0041, Top 1: 0.0069, Top 5: 0.0436, Top 10: 0.0969, Perplexity: 0.0000
2024-12-19 09:23:16,546 Epoch 1, Remaining 133/165. Runtime 2.29s.
2024-12-19 09:23:16,546 Loss: 5.9932, Clip Loss: 8.1991, MSE Loss: 2.6844, Commitment Loss: 0.0000
2024-12-19 09:23:16,546 Accuracy: 0.0053, Top 1: 0.0092, Top 5: 0.0457, Top 10: 0.0969, Perplexity: 0.0000
2024-12-19 09:23:19,934 Epoch 1, Remaining 132/165. Runtime 1.94s.
2024-12-19 09:23:19,934 Loss: 8.3311, Clip Loss: 12.2049, MSE Loss: 2.5203, Commitment Loss: 0.0000
2024-12-19 09:23:19,934 Accuracy: 0.0028, Top 1: 0.0069, Top 5: 0.0477, Top 10: 0.0980, Perplexity: 0.0000
2024-12-19 09:23:21,504 Epoch 1, Remaining 131/165. Runtime 1.19s.
2024-12-19 09:23:21,504 Loss: 6.7084, Clip Loss: 9.4940, MSE Loss: 2.5300, Commitment Loss: 0.0000
2024-12-19 09:23:21,504 Accuracy: 0.0042, Top 1: 0.0083, Top 5: 0.0469, Top 10: 0.0993, Perplexity: 0.0000
2024-12-19 09:23:25,286 Epoch 1, Remaining 130/165. Runtime 2.03s.
2024-12-19 09:23:25,286 Loss: 4.6165, Clip Loss: 5.8229, MSE Loss: 2.8069, Commitment Loss: 0.0000
2024-12-19 09:23:25,286 Accuracy: 0.0063, Top 1: 0.0103, Top 5: 0.0471, Top 10: 0.1028, Perplexity: 0.0000
2024-12-19 09:23:29,126 Epoch 1, Remaining 129/165. Runtime 2.47s.
2024-12-19 09:23:29,126 Loss: 6.6118, Clip Loss: 8.5843, MSE Loss: 3.6530, Commitment Loss: 0.0000
2024-12-19 09:23:29,126 Accuracy: 0.0031, Top 1: 0.0063, Top 5: 0.0435, Top 10: 0.0945, Perplexity: 0.0000
2024-12-19 09:23:34,495 Epoch 1, Remaining 128/165. Runtime 3.58s.
2024-12-19 09:23:34,496 Loss: 6.0393, Clip Loss: 7.8315, MSE Loss: 3.3510, Commitment Loss: 0.0000
2024-12-19 09:23:34,496 Accuracy: 0.0041, Top 1: 0.0080, Top 5: 0.0476, Top 10: 0.0991, Perplexity: 0.0000
2024-12-19 09:23:38,385 Epoch 1, Remaining 127/165. Runtime 3.24s.
2024-12-19 09:23:38,386 Loss: 4.8342, Clip Loss: 6.5149, MSE Loss: 2.3133, Commitment Loss: 0.0000
2024-12-19 09:23:38,386 Accuracy: 0.0043, Top 1: 0.0078, Top 5: 0.0478, Top 10: 0.0981, Perplexity: 0.0000
2024-12-19 09:23:42,987 Epoch 1, Remaining 126/165. Runtime 2.30s.
2024-12-19 09:23:42,988 Loss: 6.9387, Clip Loss: 10.2702, MSE Loss: 1.9414, Commitment Loss: 0.0000
2024-12-19 09:23:42,988 Accuracy: 0.0069, Top 1: 0.0100, Top 5: 0.0458, Top 10: 0.1008, Perplexity: 0.0000
2024-12-19 09:23:45,230 Epoch 1, Remaining 125/165. Runtime 1.87s.
2024-12-19 09:23:45,230 Loss: 5.6384, Clip Loss: 8.1449, MSE Loss: 1.8786, Commitment Loss: 0.0000
2024-12-19 09:23:45,230 Accuracy: 0.0064, Top 1: 0.0087, Top 5: 0.0473, Top 10: 0.0978, Perplexity: 0.0000
2024-12-19 09:23:47,199 Epoch 1, Remaining 124/165. Runtime 1.32s.
2024-12-19 09:23:47,200 Loss: 4.4792, Clip Loss: 6.0165, MSE Loss: 2.1733, Commitment Loss: 0.0000
2024-12-19 09:23:47,200 Accuracy: 0.0049, Top 1: 0.0069, Top 5: 0.0504, Top 10: 0.0958, Perplexity: 0.0000
2024-12-19 09:23:48,877 Epoch 1, Remaining 123/165. Runtime 1.06s.
2024-12-19 09:23:48,877 Loss: 4.4380, Clip Loss: 5.8288, MSE Loss: 2.3517, Commitment Loss: 0.0000
2024-12-19 09:23:48,877 Accuracy: 0.0049, Top 1: 0.0088, Top 5: 0.0411, Top 10: 0.1008, Perplexity: 0.0000
2024-12-19 09:23:50,525 Epoch 1, Remaining 122/165. Runtime 1.33s.
2024-12-19 09:23:50,525 Loss: 5.0548, Clip Loss: 6.7601, MSE Loss: 2.4969, Commitment Loss: 0.0000
2024-12-19 09:23:50,525 Accuracy: 0.0041, Top 1: 0.0070, Top 5: 0.0452, Top 10: 0.0958, Perplexity: 0.0000
2024-12-19 09:23:52,718 Epoch 1, Remaining 121/165. Runtime 2.17s.
2024-12-19 09:23:52,719 Loss: 5.0589, Clip Loss: 6.8323, MSE Loss: 2.3989, Commitment Loss: 0.0000
2024-12-19 09:23:52,719 Accuracy: 0.0030, Top 1: 0.0089, Top 5: 0.0465, Top 10: 0.0970, Perplexity: 0.0000
2024-12-19 09:23:58,063 Epoch 1, Remaining 120/165. Runtime 3.23s.
2024-12-19 09:23:58,064 Loss: 4.8345, Clip Loss: 6.5642, MSE Loss: 2.2400, Commitment Loss: 0.0000
2024-12-19 09:23:58,064 Accuracy: 0.0048, Top 1: 0.0078, Top 5: 0.0460, Top 10: 0.0974, Perplexity: 0.0000
2024-12-19 09:24:00,355 Epoch 1, Remaining 119/165. Runtime 1.46s.
2024-12-19 09:24:00,356 Loss: 4.7381, Clip Loss: 6.8464, MSE Loss: 1.5755, Commitment Loss: 0.0000
2024-12-19 09:24:00,356 Accuracy: 0.0041, Top 1: 0.0082, Top 5: 0.0518, Top 10: 0.1020, Perplexity: 0.0000
2024-12-19 09:24:02,855 Epoch 1, Remaining 118/165. Runtime 1.68s.
2024-12-19 09:24:02,856 Loss: 5.1686, Clip Loss: 7.6428, MSE Loss: 1.4571, Commitment Loss: 0.0000
2024-12-19 09:24:02,856 Accuracy: 0.0041, Top 1: 0.0082, Top 5: 0.0461, Top 10: 0.0955, Perplexity: 0.0000
2024-12-19 09:24:05,149 Epoch 1, Remaining 117/165. Runtime 1.91s.
2024-12-19 09:24:05,150 Loss: 4.4527, Clip Loss: 6.4827, MSE Loss: 1.4077, Commitment Loss: 0.0000
2024-12-19 09:24:05,150 Accuracy: 0.0069, Top 1: 0.0092, Top 5: 0.0450, Top 10: 0.0986, Perplexity: 0.0000
2024-12-19 09:24:06,104 Epoch 1, Remaining 116/165. Runtime 0.91s.
2024-12-19 09:24:06,105 Loss: 3.8902, Clip Loss: 5.5425, MSE Loss: 1.4117, Commitment Loss: 0.0000
2024-12-19 09:24:06,105 Accuracy: 0.0052, Top 1: 0.0052, Top 5: 0.0473, Top 10: 0.0856, Perplexity: 0.0000
2024-12-19 09:24:08,832 Epoch 1, Remaining 115/165. Runtime 2.70s.
2024-12-19 09:24:08,833 Loss: 3.9320, Clip Loss: 5.6148, MSE Loss: 1.4078, Commitment Loss: 0.0000
2024-12-19 09:24:08,833 Accuracy: 0.0052, Top 1: 0.0091, Top 5: 0.0481, Top 10: 0.0920, Perplexity: 0.0000
2024-12-19 09:24:10,472 Epoch 1, Remaining 114/165. Runtime 1.56s.
2024-12-19 09:24:10,473 Loss: 4.0701, Clip Loss: 5.9401, MSE Loss: 1.2651, Commitment Loss: 0.0000
2024-12-19 09:24:10,473 Accuracy: 0.0077, Top 1: 0.0116, Top 5: 0.0458, Top 10: 0.0947, Perplexity: 0.0000
2024-12-19 09:24:11,878 Epoch 1, Remaining 113/165. Runtime 1.38s.
2024-12-19 09:24:11,879 Loss: 3.7928, Clip Loss: 5.6360, MSE Loss: 1.0281, Commitment Loss: 0.0000
2024-12-19 09:24:11,879 Accuracy: 0.0041, Top 1: 0.0069, Top 5: 0.0501, Top 10: 0.0980, Perplexity: 0.0000
2024-12-19 09:24:13,118 Epoch 1, Remaining 112/165. Runtime 1.22s.
2024-12-19 09:24:13,119 Loss: 4.0809, Clip Loss: 6.1831, MSE Loss: 0.9274, Commitment Loss: 0.0000
2024-12-19 09:24:13,119 Accuracy: 0.0029, Top 1: 0.0084, Top 5: 0.0543, Top 10: 0.0928, Perplexity: 0.0000
2024-12-19 09:24:14,430 Epoch 1, Remaining 111/165. Runtime 1.29s.
2024-12-19 09:24:14,430 Loss: 4.1432, Clip Loss: 6.3179, MSE Loss: 0.8811, Commitment Loss: 0.0000
2024-12-19 09:24:14,431 Accuracy: 0.0042, Top 1: 0.0099, Top 5: 0.0512, Top 10: 0.0967, Perplexity: 0.0000
2024-12-19 09:24:17,526 Epoch 1, Remaining 110/165. Runtime 3.07s.
2024-12-19 09:24:17,526 Loss: 3.6858, Clip Loss: 5.5723, MSE Loss: 0.8561, Commitment Loss: 0.0000
2024-12-19 09:24:17,526 Accuracy: 0.0049, Top 1: 0.0096, Top 5: 0.0459, Top 10: 0.0979, Perplexity: 0.0000
2024-12-19 09:24:20,633 Epoch 1, Remaining 109/165. Runtime 3.03s.
2024-12-19 09:24:20,633 Loss: 4.5006, Clip Loss: 6.8404, MSE Loss: 0.9908, Commitment Loss: 0.0000
2024-12-19 09:24:20,634 Accuracy: 0.0044, Top 1: 0.0083, Top 5: 0.0460, Top 10: 0.0972, Perplexity: 0.0000
2024-12-19 09:24:25,739 Epoch 1, Remaining 108/165. Runtime 5.03s.
2024-12-19 09:24:25,740 Loss: 3.4936, Clip Loss: 5.2396, MSE Loss: 0.8746, Commitment Loss: 0.0000
2024-12-19 09:24:25,740 Accuracy: 0.0535, Top 1: 0.0574, Top 5: 0.0922, Top 10: 0.1359, Perplexity: 0.0000
2024-12-19 09:24:27,380 Epoch 1, Remaining 107/165. Runtime 1.58s.
2024-12-19 09:24:27,381 Loss: 4.7115, Clip Loss: 7.2495, MSE Loss: 0.9043, Commitment Loss: 0.0000
2024-12-19 09:24:27,381 Accuracy: 0.0068, Top 1: 0.0099, Top 5: 0.0456, Top 10: 0.0963, Perplexity: 0.0000
2024-12-19 09:24:29,206 Epoch 1, Remaining 106/165. Runtime 1.79s.
2024-12-19 09:24:29,207 Loss: 4.1095, Clip Loss: 6.1753, MSE Loss: 1.0109, Commitment Loss: 0.0000
2024-12-19 09:24:29,207 Accuracy: 0.0061, Top 1: 0.0108, Top 5: 0.0471, Top 10: 0.0950, Perplexity: 0.0000
2024-12-19 09:24:30,114 Epoch 1, Remaining 105/165. Runtime 0.87s.
2024-12-19 09:24:30,115 Loss: 3.7630, Clip Loss: 5.4548, MSE Loss: 1.2254, Commitment Loss: 0.0000
2024-12-19 09:24:30,115 Accuracy: 0.0050, Top 1: 0.0050, Top 5: 0.0536, Top 10: 0.1050, Perplexity: 0.0000
2024-12-19 09:24:31,814 Epoch 1, Remaining 104/165. Runtime 1.69s.
2024-12-19 09:24:31,814 Loss: 3.8727, Clip Loss: 5.5682, MSE Loss: 1.3296, Commitment Loss: 0.0000
2024-12-19 09:24:31,814 Accuracy: 0.0070, Top 1: 0.0093, Top 5: 0.0460, Top 10: 0.0959, Perplexity: 0.0000
2024-12-19 09:24:32,879 Epoch 1, Remaining 103/165. Runtime 1.04s.
2024-12-19 09:24:32,880 Loss: 4.1372, Clip Loss: 6.0180, MSE Loss: 1.3161, Commitment Loss: 0.0000
2024-12-19 09:24:32,880 Accuracy: 0.0050, Top 1: 0.0069, Top 5: 0.0477, Top 10: 0.0954, Perplexity: 0.0000
2024-12-19 09:24:33,809 Epoch 1, Remaining 102/165. Runtime 0.92s.
2024-12-19 09:24:33,810 Loss: 3.9889, Clip Loss: 5.8147, MSE Loss: 1.2502, Commitment Loss: 0.0000
2024-12-19 09:24:33,810 Accuracy: 0.0049, Top 1: 0.0069, Top 5: 0.0514, Top 10: 0.0978, Perplexity: 0.0000
2024-12-19 09:24:36,534 Epoch 1, Remaining 101/165. Runtime 2.71s.
2024-12-19 09:24:36,535 Loss: 3.8371, Clip Loss: 5.6295, MSE Loss: 1.1485, Commitment Loss: 0.0000
2024-12-19 09:24:36,535 Accuracy: 0.0053, Top 1: 0.0097, Top 5: 0.0471, Top 10: 0.1008, Perplexity: 0.0000
2024-12-19 09:24:37,463 Epoch 1, Remaining 100/165. Runtime 0.88s.
2024-12-19 09:24:37,463 Loss: 3.8389, Clip Loss: 5.7968, MSE Loss: 0.9021, Commitment Loss: 0.0000
2024-12-19 09:24:37,463 Accuracy: 0.0031, Top 1: 0.0070, Top 5: 0.0522, Top 10: 0.0985, Perplexity: 0.0000
2024-12-19 09:24:40,173 Epoch 1, Remaining 99/165. Runtime 2.69s.
2024-12-19 09:24:40,174 Loss: 3.8126, Clip Loss: 5.8074, MSE Loss: 0.8204, Commitment Loss: 0.0000
2024-12-19 09:24:40,174 Accuracy: 0.0072, Top 1: 0.0087, Top 5: 0.0474, Top 10: 0.0962, Perplexity: 0.0000
2024-12-19 09:24:43,001 Epoch 1, Remaining 98/165. Runtime 2.77s.
2024-12-19 09:24:43,002 Loss: 3.6181, Clip Loss: 5.5176, MSE Loss: 0.7690, Commitment Loss: 0.0000
2024-12-19 09:24:43,002 Accuracy: 0.0049, Top 1: 0.0088, Top 5: 0.0469, Top 10: 0.1001, Perplexity: 0.0000
2024-12-19 09:24:46,228 Epoch 1, Remaining 97/165. Runtime 3.14s.
2024-12-19 09:24:46,229 Loss: 3.6460, Clip Loss: 5.5662, MSE Loss: 0.7658, Commitment Loss: 0.0000
2024-12-19 09:24:46,229 Accuracy: 0.0112, Top 1: 0.0143, Top 5: 0.0522, Top 10: 0.0968, Perplexity: 0.0000
2024-12-19 09:24:47,608 Epoch 1, Remaining 96/165. Runtime 1.28s.
2024-12-19 09:24:47,608 Loss: 3.7468, Clip Loss: 5.8148, MSE Loss: 0.6449, Commitment Loss: 0.0000
2024-12-19 09:24:47,608 Accuracy: 0.0067, Top 1: 0.0109, Top 5: 0.0420, Top 10: 0.1039, Perplexity: 0.0000
2024-12-19 09:24:50,730 Epoch 1, Remaining 95/165. Runtime 3.10s.
2024-12-19 09:24:50,731 Loss: 3.7657, Clip Loss: 5.8802, MSE Loss: 0.5939, Commitment Loss: 0.0000
2024-12-19 09:24:50,731 Accuracy: 0.0055, Top 1: 0.0094, Top 5: 0.0492, Top 10: 0.0928, Perplexity: 0.0000
2024-12-19 09:24:51,678 Epoch 1, Remaining 94/165. Runtime 0.85s.
2024-12-19 09:24:51,679 Loss: 3.4707, Clip Loss: 5.3443, MSE Loss: 0.6603, Commitment Loss: 0.0000
2024-12-19 09:24:51,679 Accuracy: 0.0064, Top 1: 0.0103, Top 5: 0.0470, Top 10: 0.1127, Perplexity: 0.0000
2024-12-19 09:24:52,996 Epoch 1, Remaining 93/165. Runtime 1.30s.
2024-12-19 09:24:52,997 Loss: 3.6896, Clip Loss: 5.6835, MSE Loss: 0.6988, Commitment Loss: 0.0000
2024-12-19 09:24:52,997 Accuracy: 0.0013, Top 1: 0.0096, Top 5: 0.0456, Top 10: 0.0966, Perplexity: 0.0000
2024-12-19 09:24:54,330 Epoch 1, Remaining 92/165. Runtime 1.31s.
2024-12-19 09:24:54,331 Loss: 3.7348, Clip Loss: 5.7520, MSE Loss: 0.7091, Commitment Loss: 0.0000
2024-12-19 09:24:54,331 Accuracy: 0.0057, Top 1: 0.0083, Top 5: 0.0467, Top 10: 0.0993, Perplexity: 0.0000
2024-12-19 09:24:55,259 Epoch 1, Remaining 91/165. Runtime 0.91s.
2024-12-19 09:24:55,260 Loss: 3.4829, Clip Loss: 5.3508, MSE Loss: 0.6810, Commitment Loss: 0.0000
2024-12-19 09:24:55,260 Accuracy: 0.0000, Top 1: 0.0000, Top 5: 0.0573, Top 10: 0.0997, Perplexity: 0.0000
2024-12-19 09:24:56,938 Epoch 1, Remaining 90/165. Runtime 1.66s.
2024-12-19 09:24:56,939 Loss: 3.4410, Clip Loss: 5.2724, MSE Loss: 0.6937, Commitment Loss: 0.0000
2024-12-19 09:24:56,939 Accuracy: 0.0063, Top 1: 0.0110, Top 5: 0.0391, Top 10: 0.0946, Perplexity: 0.0000
2024-12-19 09:24:59,488 Epoch 1, Remaining 89/165. Runtime 2.50s.
2024-12-19 09:24:59,488 Loss: 3.6355, Clip Loss: 5.6349, MSE Loss: 0.6364, Commitment Loss: 0.0000
2024-12-19 09:24:59,488 Accuracy: 0.0040, Top 1: 0.0083, Top 5: 0.0431, Top 10: 0.0950, Perplexity: 0.0000
2024-12-19 09:25:01,302 Epoch 1, Remaining 88/165. Runtime 1.73s.
2024-12-19 09:25:01,302 Loss: 3.4381, Clip Loss: 5.2949, MSE Loss: 0.6529, Commitment Loss: 0.0000
2024-12-19 09:25:01,302 Accuracy: 0.0023, Top 1: 0.0070, Top 5: 0.0433, Top 10: 0.0898, Perplexity: 0.0000
2024-12-19 09:25:03,277 Epoch 1, Remaining 87/165. Runtime 1.94s.
2024-12-19 09:25:03,277 Loss: 3.4661, Clip Loss: 5.3453, MSE Loss: 0.6474, Commitment Loss: 0.0000
2024-12-19 09:25:03,277 Accuracy: 0.0055, Top 1: 0.0094, Top 5: 0.0400, Top 10: 0.0893, Perplexity: 0.0000
2024-12-19 09:25:04,216 Epoch 1, Remaining 86/165. Runtime 0.91s.
2024-12-19 09:25:04,216 Loss: 3.5376, Clip Loss: 5.4859, MSE Loss: 0.6152, Commitment Loss: 0.0000
2024-12-19 09:25:04,216 Accuracy: 0.0050, Top 1: 0.0050, Top 5: 0.0495, Top 10: 0.1100, Perplexity: 0.0000
2024-12-19 09:25:05,048 Epoch 1, Remaining 85/165. Runtime 0.82s.
2024-12-19 09:25:05,049 Loss: 3.4764, Clip Loss: 5.3882, MSE Loss: 0.6087, Commitment Loss: 0.0000
2024-12-19 09:25:05,049 Accuracy: 0.0020, Top 1: 0.0020, Top 5: 0.0543, Top 10: 0.1155, Perplexity: 0.0000
2024-12-19 09:25:05,932 Epoch 1, Remaining 84/165. Runtime 0.87s.
2024-12-19 09:25:05,932 Loss: 3.4465, Clip Loss: 5.3442, MSE Loss: 0.6000, Commitment Loss: 0.0000
2024-12-19 09:25:05,932 Accuracy: 0.0101, Top 1: 0.0120, Top 5: 0.0644, Top 10: 0.1091, Perplexity: 0.0000
2024-12-19 09:25:06,919 Epoch 1, Remaining 83/165. Runtime 0.97s.
2024-12-19 09:25:06,919 Loss: 3.4993, Clip Loss: 5.4397, MSE Loss: 0.5888, Commitment Loss: 0.0000
2024-12-19 09:25:06,919 Accuracy: 0.0000, Top 1: 0.0039, Top 5: 0.0450, Top 10: 0.0949, Perplexity: 0.0000
2024-12-19 09:25:07,881 Epoch 1, Remaining 82/165. Runtime 0.95s.
2024-12-19 09:25:07,882 Loss: 3.5033, Clip Loss: 5.4510, MSE Loss: 0.5818, Commitment Loss: 0.0000
2024-12-19 09:25:07,882 Accuracy: 0.0031, Top 1: 0.0089, Top 5: 0.0552, Top 10: 0.0879, Perplexity: 0.0000
2024-12-19 09:25:08,859 Epoch 1, Remaining 81/165. Runtime 0.96s.
2024-12-19 09:25:08,860 Loss: 3.4941, Clip Loss: 5.4394, MSE Loss: 0.5762, Commitment Loss: 0.0000
2024-12-19 09:25:08,860 Accuracy: 0.0060, Top 1: 0.0080, Top 5: 0.0495, Top 10: 0.0890, Perplexity: 0.0000
2024-12-19 09:25:47,925 Epoch 1, Remaining 80/165. Runtime 2.59s.
2024-12-19 09:25:47,925 Loss: 3.5486, Clip Loss: 5.5171, MSE Loss: 0.5958, Commitment Loss: 0.0000
2024-12-19 09:25:47,925 Accuracy: 0.0065, Top 1: 0.0123, Top 5: 0.0620, Top 10: 0.1127, Perplexity: 0.0000
2024-12-19 09:25:49,145 Epoch 1, Remaining 79/165. Runtime 1.19s.
2024-12-19 09:25:49,145 Loss: 3.5611, Clip Loss: 5.5395, MSE Loss: 0.5935, Commitment Loss: 0.0000
2024-12-19 09:25:49,145 Accuracy: 0.0054, Top 1: 0.0111, Top 5: 0.0505, Top 10: 0.1010, Perplexity: 0.0000
2024-12-19 09:25:50,476 Epoch 1, Remaining 78/165. Runtime 1.31s.
2024-12-19 09:25:50,477 Loss: 3.6217, Clip Loss: 5.6420, MSE Loss: 0.5911, Commitment Loss: 0.0000
2024-12-19 09:25:50,477 Accuracy: 0.0026, Top 1: 0.0083, Top 5: 0.0468, Top 10: 0.1042, Perplexity: 0.0000
2024-12-19 09:25:51,510 Epoch 1, Remaining 77/165. Runtime 1.01s.
2024-12-19 09:25:51,511 Loss: 3.4458, Clip Loss: 5.3670, MSE Loss: 0.5640, Commitment Loss: 0.0000
2024-12-19 09:25:51,511 Accuracy: 0.0030, Top 1: 0.0030, Top 5: 0.0496, Top 10: 0.0891, Perplexity: 0.0000
2024-12-19 09:25:52,580 Epoch 1, Remaining 76/165. Runtime 1.05s.
2024-12-19 09:25:52,581 Loss: 3.4467, Clip Loss: 5.3724, MSE Loss: 0.5581, Commitment Loss: 0.0000
2024-12-19 09:25:52,581 Accuracy: 0.0000, Top 1: 0.0039, Top 5: 0.0552, Top 10: 0.0915, Perplexity: 0.0000
2024-12-19 09:26:09,928 Epoch 1, Remaining 75/165. Runtime 3.56s.
2024-12-19 09:26:09,929 Loss: 3.5963, Clip Loss: 5.6099, MSE Loss: 0.5759, Commitment Loss: 0.0000
2024-12-19 09:26:09,929 Accuracy: 0.0026, Top 1: 0.0054, Top 5: 0.0446, Top 10: 0.0968, Perplexity: 0.0000
2024-12-19 09:26:11,219 Epoch 1, Remaining 74/165. Runtime 1.27s.
2024-12-19 09:26:11,220 Loss: 3.5866, Clip Loss: 5.5946, MSE Loss: 0.5745, Commitment Loss: 0.0000
2024-12-19 09:26:11,220 Accuracy: 0.0013, Top 1: 0.0070, Top 5: 0.0444, Top 10: 0.0992, Perplexity: 0.0000
2024-12-19 09:26:12,567 Epoch 1, Remaining 73/165. Runtime 1.33s.
2024-12-19 09:26:12,567 Loss: 3.5395, Clip Loss: 5.5143, MSE Loss: 0.5774, Commitment Loss: 0.0000
2024-12-19 09:26:12,567 Accuracy: 0.0028, Top 1: 0.0097, Top 5: 0.0538, Top 10: 0.0929, Perplexity: 0.0000
2024-12-19 09:26:13,971 Epoch 1, Remaining 72/165. Runtime 1.38s.
2024-12-19 09:26:13,971 Loss: 3.6073, Clip Loss: 5.6241, MSE Loss: 0.5820, Commitment Loss: 0.0000
2024-12-19 09:26:13,972 Accuracy: 0.0056, Top 1: 0.0084, Top 5: 0.0467, Top 10: 0.0883, Perplexity: 0.0000
2024-12-19 09:26:15,346 Epoch 1, Remaining 71/165. Runtime 1.34s.
2024-12-19 09:26:15,347 Loss: 3.5855, Clip Loss: 5.5895, MSE Loss: 0.5795, Commitment Loss: 0.0000
2024-12-19 09:26:15,347 Accuracy: 0.0044, Top 1: 0.0083, Top 5: 0.0462, Top 10: 0.1010, Perplexity: 0.0000
2024-12-19 09:27:53,153 Epoch 1, Remaining 70/165. Runtime 3.16s.
2024-12-19 09:27:53,154 Loss: 3.5399, Clip Loss: 5.5187, MSE Loss: 0.5718, Commitment Loss: 0.0000
2024-12-19 09:27:53,154 Accuracy: 0.0013, Top 1: 0.0070, Top 5: 0.0408, Top 10: 0.1062, Perplexity: 0.0000
2024-12-19 09:27:54,477 Epoch 1, Remaining 69/165. Runtime 1.29s.
2024-12-19 09:27:54,478 Loss: 3.6290, Clip Loss: 5.6724, MSE Loss: 0.5639, Commitment Loss: 0.0000
2024-12-19 09:27:54,478 Accuracy: 0.0015, Top 1: 0.0067, Top 5: 0.0445, Top 10: 0.1049, Perplexity: 0.0000
2024-12-19 09:27:55,859 Epoch 1, Remaining 68/165. Runtime 1.35s.
2024-12-19 09:27:55,859 Loss: 3.5959, Clip Loss: 5.6164, MSE Loss: 0.5651, Commitment Loss: 0.0000
2024-12-19 09:27:55,859 Accuracy: 0.0055, Top 1: 0.0081, Top 5: 0.0388, Top 10: 0.1007, Perplexity: 0.0000
2024-12-19 09:27:56,869 Epoch 1, Remaining 67/165. Runtime 0.98s.
2024-12-19 09:27:56,869 Loss: 3.4323, Clip Loss: 5.3551, MSE Loss: 0.5483, Commitment Loss: 0.0000
2024-12-19 09:27:56,869 Accuracy: 0.0030, Top 1: 0.0049, Top 5: 0.0414, Top 10: 0.0994, Perplexity: 0.0000
2024-12-19 09:27:57,850 Epoch 1, Remaining 66/165. Runtime 0.96s.
2024-12-19 09:27:57,851 Loss: 3.4615, Clip Loss: 5.4025, MSE Loss: 0.5500, Commitment Loss: 0.0000
2024-12-19 09:27:57,851 Accuracy: 0.0079, Top 1: 0.0118, Top 5: 0.0514, Top 10: 0.0987, Perplexity: 0.0000
2024-12-19 09:28:51,307 Epoch 1, Remaining 65/165. Runtime 4.77s.
2024-12-19 09:28:51,307 Loss: 3.4288, Clip Loss: 5.3322, MSE Loss: 0.5737, Commitment Loss: 0.0000
2024-12-19 09:28:51,307 Accuracy: 0.0089, Top 1: 0.0089, Top 5: 0.0474, Top 10: 0.0927, Perplexity: 0.0000
2024-12-19 09:28:54,212 Epoch 1, Remaining 64/165. Runtime 2.86s.
2024-12-19 09:28:54,212 Loss: 3.5037, Clip Loss: 5.4799, MSE Loss: 0.5393, Commitment Loss: 0.0000
2024-12-19 09:28:54,212 Accuracy: 0.0044, Top 1: 0.0079, Top 5: 0.0488, Top 10: 0.0941, Perplexity: 0.0000
2024-12-19 09:28:57,541 Epoch 1, Remaining 63/165. Runtime 3.22s.
2024-12-19 09:28:57,541 Loss: 3.5008, Clip Loss: 5.4713, MSE Loss: 0.5451, Commitment Loss: 0.0000
2024-12-19 09:28:57,541 Accuracy: 0.0120, Top 1: 0.0151, Top 5: 0.0499, Top 10: 0.0983, Perplexity: 0.0000
2024-12-19 09:28:58,637 Epoch 1, Remaining 62/165. Runtime 0.96s.
2024-12-19 09:28:58,638 Loss: 3.4579, Clip Loss: 5.3915, MSE Loss: 0.5575, Commitment Loss: 0.0000
2024-12-19 09:28:58,638 Accuracy: 0.0000, Top 1: 0.0000, Top 5: 0.0450, Top 10: 0.0753, Perplexity: 0.0000
2024-12-19 09:28:59,676 Epoch 1, Remaining 61/165. Runtime 1.02s.
2024-12-19 09:28:59,677 Loss: 3.5137, Clip Loss: 5.4801, MSE Loss: 0.5641, Commitment Loss: 0.0000
2024-12-19 09:28:59,677 Accuracy: 0.0080, Top 1: 0.0080, Top 5: 0.0496, Top 10: 0.0964, Perplexity: 0.0000
2024-12-19 09:29:14,347 Epoch 1, Remaining 60/165. Runtime 5.70s.
2024-12-19 09:29:14,347 Loss: 3.4456, Clip Loss: 5.3488, MSE Loss: 0.5909, Commitment Loss: 0.0000
2024-12-19 09:29:14,347 Accuracy: 0.0016, Top 1: 0.0063, Top 5: 0.0418, Top 10: 0.0991, Perplexity: 0.0000
2024-12-19 09:29:15,944 Epoch 1, Remaining 59/165. Runtime 1.55s.
2024-12-19 09:29:15,944 Loss: 3.4277, Clip Loss: 5.3060, MSE Loss: 0.6101, Commitment Loss: 0.0000
2024-12-19 09:29:15,944 Accuracy: 0.0055, Top 1: 0.0078, Top 5: 0.0363, Top 10: 0.0993, Perplexity: 0.0000
2024-12-19 09:29:17,618 Epoch 1, Remaining 58/165. Runtime 1.63s.
2024-12-19 09:29:17,619 Loss: 3.5112, Clip Loss: 5.4444, MSE Loss: 0.6114, Commitment Loss: 0.0000
2024-12-19 09:29:17,619 Accuracy: 0.0095, Top 1: 0.0118, Top 5: 0.0526, Top 10: 0.1027, Perplexity: 0.0000
2024-12-19 09:29:20,406 Epoch 1, Remaining 57/165. Runtime 2.74s.
2024-12-19 09:29:20,407 Loss: 3.5434, Clip Loss: 5.5222, MSE Loss: 0.5752, Commitment Loss: 0.0000
2024-12-19 09:29:20,407 Accuracy: 0.0062, Top 1: 0.0086, Top 5: 0.0466, Top 10: 0.0997, Perplexity: 0.0000
2024-12-19 09:29:21,517 Epoch 1, Remaining 56/165. Runtime 1.01s.
2024-12-19 09:29:21,518 Loss: 3.5302, Clip Loss: 5.5107, MSE Loss: 0.5595, Commitment Loss: 0.0000
2024-12-19 09:29:21,518 Accuracy: 0.0049, Top 1: 0.0068, Top 5: 0.0431, Top 10: 0.0920, Perplexity: 0.0000
2024-12-19 09:29:54,594 Epoch 1, Remaining 55/165. Runtime 5.62s.
2024-12-19 09:29:54,595 Loss: 3.5194, Clip Loss: 5.5208, MSE Loss: 0.5172, Commitment Loss: 0.0000
2024-12-19 09:29:54,595 Accuracy: 0.0041, Top 1: 0.0064, Top 5: 0.0503, Top 10: 0.1016, Perplexity: 0.0000
2024-12-19 09:29:56,490 Epoch 1, Remaining 54/165. Runtime 1.79s.
2024-12-19 09:29:56,491 Loss: 3.5468, Clip Loss: 5.5326, MSE Loss: 0.5681, Commitment Loss: 0.0000
2024-12-19 09:29:56,491 Accuracy: 0.0066, Top 1: 0.0082, Top 5: 0.0371, Top 10: 0.0902, Perplexity: 0.0000
2024-12-19 09:29:58,207 Epoch 1, Remaining 53/165. Runtime 1.66s.
2024-12-19 09:29:58,207 Loss: 3.5133, Clip Loss: 5.4762, MSE Loss: 0.5691, Commitment Loss: 0.0000
2024-12-19 09:29:58,207 Accuracy: 0.0059, Top 1: 0.0090, Top 5: 0.0488, Top 10: 0.0902, Perplexity: 0.0000
2024-12-19 09:29:59,976 Epoch 1, Remaining 52/165. Runtime 1.73s.
2024-12-19 09:29:59,977 Loss: 3.4389, Clip Loss: 5.3458, MSE Loss: 0.5786, Commitment Loss: 0.0000
2024-12-19 09:29:59,977 Accuracy: 0.0039, Top 1: 0.0070, Top 5: 0.0555, Top 10: 0.0961, Perplexity: 0.0000
2024-12-19 09:30:00,962 Epoch 1, Remaining 51/165. Runtime 0.96s.
2024-12-19 09:30:00,962 Loss: 3.7465, Clip Loss: 5.8682, MSE Loss: 0.5638, Commitment Loss: 0.0000
2024-12-19 09:30:00,962 Accuracy: 0.0059, Top 1: 0.0098, Top 5: 0.0402, Top 10: 0.0991, Perplexity: 0.0000
2024-12-19 09:30:40,398 Epoch 1, Remaining 50/165. Runtime 3.81s.
2024-12-19 09:30:40,399 Loss: 3.6700, Clip Loss: 5.7260, MSE Loss: 0.5859, Commitment Loss: 0.0000
2024-12-19 09:30:40,399 Accuracy: 0.0039, Top 1: 0.0082, Top 5: 0.0452, Top 10: 0.0970, Perplexity: 0.0000
2024-12-19 09:30:42,013 Epoch 1, Remaining 49/165. Runtime 1.58s.
2024-12-19 09:30:42,013 Loss: 3.4310, Clip Loss: 5.3241, MSE Loss: 0.5914, Commitment Loss: 0.0000
2024-12-19 09:30:42,013 Accuracy: 0.0061, Top 1: 0.0100, Top 5: 0.0466, Top 10: 0.1015, Perplexity: 0.0000
2024-12-19 09:30:44,673 Epoch 1, Remaining 48/165. Runtime 2.62s.
2024-12-19 09:30:44,673 Loss: 3.7295, Clip Loss: 5.8389, MSE Loss: 0.5656, Commitment Loss: 0.0000
2024-12-19 09:30:44,673 Accuracy: 0.0066, Top 1: 0.0095, Top 5: 0.0488, Top 10: 0.0986, Perplexity: 0.0000
2024-12-19 09:30:46,066 Epoch 1, Remaining 47/165. Runtime 1.32s.
2024-12-19 09:30:46,066 Loss: 3.6970, Clip Loss: 5.7175, MSE Loss: 0.6664, Commitment Loss: 0.0000
2024-12-19 09:30:46,066 Accuracy: 0.0028, Top 1: 0.0082, Top 5: 0.0495, Top 10: 0.0970, Perplexity: 0.0000
2024-12-19 09:30:47,077 Epoch 1, Remaining 46/165. Runtime 0.97s.
2024-12-19 09:30:47,078 Loss: 3.4960, Clip Loss: 5.3804, MSE Loss: 0.6695, Commitment Loss: 0.0000
2024-12-19 09:30:47,078 Accuracy: 0.0060, Top 1: 0.0080, Top 5: 0.0514, Top 10: 0.0880, Perplexity: 0.0000
2024-12-19 09:31:28,933 Epoch 1, Remaining 45/165. Runtime 3.48s.
2024-12-19 09:31:28,934 Loss: 3.5984, Clip Loss: 5.5334, MSE Loss: 0.6959, Commitment Loss: 0.0000
2024-12-19 09:31:28,934 Accuracy: 0.0039, Top 1: 0.0068, Top 5: 0.0454, Top 10: 0.0984, Perplexity: 0.0000
2024-12-19 09:31:30,469 Epoch 1, Remaining 44/165. Runtime 1.52s.
2024-12-19 09:31:30,469 Loss: 3.5020, Clip Loss: 5.3754, MSE Loss: 0.6920, Commitment Loss: 0.0000
2024-12-19 09:31:30,469 Accuracy: 0.0082, Top 1: 0.0090, Top 5: 0.0449, Top 10: 0.0847, Perplexity: 0.0000
2024-12-19 09:31:31,787 Epoch 1, Remaining 43/165. Runtime 1.28s.
2024-12-19 09:31:31,788 Loss: 3.6243, Clip Loss: 5.6003, MSE Loss: 0.6604, Commitment Loss: 0.0000
2024-12-19 09:31:31,788 Accuracy: 0.0055, Top 1: 0.0100, Top 5: 0.0484, Top 10: 0.0958, Perplexity: 0.0000
2024-12-19 09:31:33,168 Epoch 1, Remaining 42/165. Runtime 1.35s.
2024-12-19 09:31:33,169 Loss: 3.5686, Clip Loss: 5.5221, MSE Loss: 0.6383, Commitment Loss: 0.0000
2024-12-19 09:31:33,169 Accuracy: 0.0026, Top 1: 0.0084, Top 5: 0.0533, Top 10: 0.1036, Perplexity: 0.0000
2024-12-19 09:31:34,170 Epoch 1, Remaining 41/165. Runtime 0.96s.
2024-12-19 09:31:34,170 Loss: 3.4823, Clip Loss: 5.4051, MSE Loss: 0.5982, Commitment Loss: 0.0000
2024-12-19 09:31:34,170 Accuracy: 0.0050, Top 1: 0.0069, Top 5: 0.0475, Top 10: 0.0981, Perplexity: 0.0000
2024-12-19 09:32:23,157 Epoch 1, Remaining 40/165. Runtime 2.96s.
2024-12-19 09:32:23,157 Loss: 3.4548, Clip Loss: 5.3543, MSE Loss: 0.6056, Commitment Loss: 0.0000
2024-12-19 09:32:23,157 Accuracy: 0.0059, Top 1: 0.0090, Top 5: 0.0533, Top 10: 0.0964, Perplexity: 0.0000
2024-12-19 09:32:25,075 Epoch 1, Remaining 39/165. Runtime 1.86s.
2024-12-19 09:32:25,075 Loss: 3.4190, Clip Loss: 5.3048, MSE Loss: 0.5902, Commitment Loss: 0.0000
2024-12-19 09:32:25,075 Accuracy: 0.0061, Top 1: 0.0085, Top 5: 0.0427, Top 10: 0.0924, Perplexity: 0.0000
2024-12-19 09:32:26,067 Epoch 1, Remaining 38/165. Runtime 0.94s.
2024-12-19 09:32:26,068 Loss: 3.4246, Clip Loss: 5.3319, MSE Loss: 0.5636, Commitment Loss: 0.0000
2024-12-19 09:32:26,068 Accuracy: 0.0070, Top 1: 0.0109, Top 5: 0.0463, Top 10: 0.0919, Perplexity: 0.0000
2024-12-19 09:32:27,089 Epoch 1, Remaining 37/165. Runtime 1.00s.
2024-12-19 09:32:27,089 Loss: 3.4309, Clip Loss: 5.3451, MSE Loss: 0.5596, Commitment Loss: 0.0000
2024-12-19 09:32:27,089 Accuracy: 0.0059, Top 1: 0.0059, Top 5: 0.0431, Top 10: 0.1024, Perplexity: 0.0000
2024-12-19 09:32:28,069 Epoch 1, Remaining 36/165. Runtime 0.96s.
2024-12-19 09:32:28,070 Loss: 3.4576, Clip Loss: 5.3920, MSE Loss: 0.5561, Commitment Loss: 0.0000
2024-12-19 09:32:28,070 Accuracy: 0.0049, Top 1: 0.0089, Top 5: 0.0394, Top 10: 0.1126, Perplexity: 0.0000
2024-12-19 09:32:39,103 Epoch 1, Remaining 35/165. Runtime 2.56s.
2024-12-19 09:32:39,103 Loss: 3.5554, Clip Loss: 5.5424, MSE Loss: 0.5749, Commitment Loss: 0.0000
2024-12-19 09:32:39,103 Accuracy: 0.0042, Top 1: 0.0083, Top 5: 0.0466, Top 10: 0.0961, Perplexity: 0.0000
2024-12-19 09:32:41,649 Epoch 1, Remaining 34/165. Runtime 2.52s.
2024-12-19 09:32:41,649 Loss: 3.4862, Clip Loss: 5.4632, MSE Loss: 0.5208, Commitment Loss: 0.0000
2024-12-19 09:32:41,649 Accuracy: 0.0077, Top 1: 0.0111, Top 5: 0.0467, Top 10: 0.0885, Perplexity: 0.0000
2024-12-19 09:32:42,985 Epoch 1, Remaining 33/165. Runtime 1.26s.
2024-12-19 09:32:42,986 Loss: 3.6221, Clip Loss: 5.6719, MSE Loss: 0.5474, Commitment Loss: 0.0000
2024-12-19 09:32:42,986 Accuracy: 0.0057, Top 1: 0.0070, Top 5: 0.0453, Top 10: 0.0952, Perplexity: 0.0000
2024-12-19 09:32:43,941 Epoch 1, Remaining 32/165. Runtime 0.92s.
2024-12-19 09:32:43,942 Loss: 3.4868, Clip Loss: 5.4620, MSE Loss: 0.5241, Commitment Loss: 0.0000
2024-12-19 09:32:43,942 Accuracy: 0.0070, Top 1: 0.0070, Top 5: 0.0459, Top 10: 0.0957, Perplexity: 0.0000
2024-12-19 09:32:45,291 Epoch 1, Remaining 31/165. Runtime 1.33s.
2024-12-19 09:32:45,291 Loss: 3.5324, Clip Loss: 5.5244, MSE Loss: 0.5445, Commitment Loss: 0.0000
2024-12-19 09:32:45,291 Accuracy: 0.0030, Top 1: 0.0072, Top 5: 0.0413, Top 10: 0.1059, Perplexity: 0.0000
